This is pdfeTeX, Version 3.141592-1.30.6-2.2 (MiKTeX 2.5) (preloaded format=latex 2009.9.17)  19 NOV 2009 14:37
entering extended mode
**deletex_pt_br.ldf
(deletex_pt_br.ldf
LaTeX2e <2005/12/01>
Babel <v3.8g> and hyphenation patterns for english, dumylang, nohyphenation, ge
rman, ngerman, french, loaded.
Language: deletex_pt_BR 2007/03/30 v1.3.0 DeLeTex brazilian portuguese support
! You can't use `\spacefactor' in vertical mode.
\@->\spacefactor 
                 \@m 
l.2 \@
      namedef{captionsbrazilian}{%
? 
! Emergency stop.
\@->\spacefactor 
                 \@m 
l.2 \@
      namedef{captionsbrazilian}{%
End of file on the terminal!

 
Here is how much of TeX's memory you used:
 8 strings out of 95420
 159 string characters out of 1187088
 44877 words of memory out of 1048577
 3256 multiletter control sequences out of 60000
 3640 words of font info for 14 fonts, out of 1000000 for 2000
 14 hyphenation exceptions out of 8191
 5i,0n,3p,130b,18s stack positions out of 5000i,500n,10000p,200000b,32768s
No pages of output.
